{"level":"info","message":"starting shellCommander server..."}
{"level":"info","message":"full cmd:  docker ps -a"}
{"level":"info","message":"Running command in windowdss"}
{"level":"info","message":"command:  C:\\Windows\\System32\\WindowsPowerShell\\v1.0\\powershell.exe docker ps -a"}
{"level":"info","message":"stdout in util: CONTAINER ID   IMAGE                                                                       COMMAND                  CREATED       STATUS                   PORTS     NAMES\n7ac39647d366   dev-registry.gather.network/cpaas-runtime-environment-service/node:14-dev   \"docker-entrypoint.s…\"   4 hours ago   Up 4 hours                         confident_turing\ne8dd1e48fa9a   postgres:15-alpine                                                          \"docker-entrypoint.s…\"   4 hours ago   Exited (1) 4 hours ago             focused_lamarr\n"}
{"level":"info","message":"stderr in util: "}
{"level":"info","message":"out str in cmd handler: CONTAINER ID   IMAGE                                                                       COMMAND                  CREATED       STATUS                   PORTS     NAMES\n7ac39647d366   dev-registry.gather.network/cpaas-runtime-environment-service/node:14-dev   \"docker-entrypoint.s…\"   4 hours ago   Up 4 hours                         confident_turing\ne8dd1e48fa9a   postgres:15-alpine                                                          \"docker-entrypoint.s…\"   4 hours ago   Exited (1) 4 hours ago             focused_lamarr\n"}
{"level":"info","message":"starting shellCommander server..."}
{"level":"info","message":"full cmd:  docker ps -a"}
{"level":"info","message":"Running command in windowdss"}
{"level":"info","message":"command:  C:\\Windows\\System32\\WindowsPowerShell\\v1.0\\powershell.exe docker ps -a"}
{"level":"info","message":"stdout in util: CONTAINER ID   IMAGE                                                                       COMMAND                  CREATED       STATUS                   PORTS     NAMES\n7ac39647d366   dev-registry.gather.network/cpaas-runtime-environment-service/node:14-dev   \"docker-entrypoint.s…\"   4 hours ago   Up 4 hours                         confident_turing\ne8dd1e48fa9a   postgres:15-alpine                                                          \"docker-entrypoint.s…\"   4 hours ago   Exited (1) 4 hours ago             focused_lamarr\n"}
{"level":"info","message":"stderr in util: "}
{"level":"info","message":"out str in cmd handler:CONTAINER ID   IMAGE                                                                       COMMAND                  CREATED       STATUS                   PORTS     NAMES\n7ac39647d366   dev-registry.gather.network/cpaas-runtime-environment-service/node:14-dev   \"docker-entrypoint.s…\"   4 hours ago   Up 4 hours                         confident_turing\ne8dd1e48fa9a   postgres:15-alpine                                                          \"docker-entrypoint.s…\"   4 hours ago   Exited (1) 4 hours ago             focused_lamarr\n"}
{"level":"info","message":"starting shellCommander server..."}
{"level":"info","message":"full cmd:  docker ps -a"}
{"level":"info","message":"Running command in windows"}
{"level":"info","message":"command:  C:\\Windows\\System32\\WindowsPowerShell\\v1.0\\powershell.exe docker ps -a"}
{"level":"info","message":"out in util: [67 79 78 84 65 73 78 69 82 32 73 68 32 32 32 73 77 65 71 69 32 32 32 32 32 32 32 32 32 32 32 32 32 32 32 32 32 32 32 32 32 32 32 32 32 32 32 32 32 32 32 32 32 32 32 32 32 32 32 32 32 32 32 32 32 32 32 32 32 32 32 32 32 32 32 32 32 32 32 32 32 32 32 32 32 32 32 32 32 32 32 67 79 77 77 65 78 68 32 32 32 32 32 32 32 32 32 32 32 32 32 32 32 32 32 32 67 82 69 65 84 69 68 32 32 32 32 32 32 32 83 84 65 84 85 83 32 32 32 32 32 32 32 32 32 32 32 32 32 32 32 32 32 32 32 80 79 82 84 83 32 32 32 32 32 78 65 77 69 83 10 55 97 99 51 57 54 52 55 100 51 54 54 32 32 32 100 101 118 45 114 101 103 105 115 116 114 121 46 103 97 116 104 101 114 46 110 101 116 119 111 114 107 47 99 112 97 97 115 45 114 117 110 116 105 109 101 45 101 110 118 105 114 111 110 109 101 110 116 45 115 101 114 118 105 99 101 47 110 111 100 101 58 49 52 45 100 101 118 32 32 32 34 100 111 99 107 101 114 45 101 110 116 114 121 112 111 105 110 116 46 115 226 128 166 34 32 32 32 52 32 104 111 117 114 115 32 97 103 111 32 32 32 85 112 32 52 32 104 111 117 114 115 32 32 32 32 32 32 32 32 32 32 32 32 32 32 32 32 32 32 32 32 32 32 32 32 32 99 111 110 102 105 100 101 110 116 95 116 117 114 105 110 103 10 101 56 100 100 49 101 52 56 102 97 57 97 32 32 32 112 111 115 116 103 114 101 115 58 49 53 45 97 108 112 105 110 101 32 32 32 32 32 32 32 32 32 32 32 32 32 32 32 32 32 32 32 32 32 32 32 32 32 32 32 32 32 32 32 32 32 32 32 32 32 32 32 32 32 32 32 32 32 32 32 32 32 32 32 32 32 32 32 32 32 32 34 100 111 99 107 101 114 45 101 110 116 114 121 112 111 105 110 116 46 115 226 128 166 34 32 32 32 52 32 104 111 117 114 115 32 97 103 111 32 32 32 69 120 105 116 101 100 32 40 49 41 32 52 32 104 111 117 114 115 32 97 103 111 32 32 32 32 32 32 32 32 32 32 32 32 32 102 111 99 117 115 101 100 95 108 97 109 97 114 114 10]"}
{"level":"info","message":"out str in cmd handler:CONTAINER ID   IMAGE                                                                       COMMAND                  CREATED       STATUS                   PORTS     NAMES\n7ac39647d366   dev-registry.gather.network/cpaas-runtime-environment-service/node:14-dev   \"docker-entrypoint.s…\"   4 hours ago   Up 4 hours                         confident_turing\ne8dd1e48fa9a   postgres:15-alpine                                                          \"docker-entrypoint.s…\"   4 hours ago   Exited (1) 4 hours ago             focused_lamarr\n"}
{"level":"info","message":"starting shellCommander server..."}
{"level":"info","message":"full cmd:  docker ps -a"}
{"level":"info","message":"Running command in windows"}
{"level":"info","message":"command:  C:\\Windows\\System32\\WindowsPowerShell\\v1.0\\powershell.exe docker ps -a"}
{"level":"info","message":"out in util: CONTAINER ID   IMAGE                                                                       COMMAND                  CREATED       STATUS                   PORTS     NAMES\n7ac39647d366   dev-registry.gather.network/cpaas-runtime-environment-service/node:14-dev   \"docker-entrypoint.s…\"   4 hours ago   Up 4 hours                         confident_turing\ne8dd1e48fa9a   postgres:15-alpine                                                          \"docker-entrypoint.s…\"   4 hours ago   Exited (1) 4 hours ago             focused_lamarr\n"}
{"level":"info","message":"out str in cmd handler:CONTAINER ID   IMAGE                                                                       COMMAND                  CREATED       STATUS                   PORTS     NAMES\n7ac39647d366   dev-registry.gather.network/cpaas-runtime-environment-service/node:14-dev   \"docker-entrypoint.s…\"   4 hours ago   Up 4 hours                         confident_turing\ne8dd1e48fa9a   postgres:15-alpine                                                          \"docker-entrypoint.s…\"   4 hours ago   Exited (1) 4 hours ago             focused_lamarr\n"}
{"level":"info","message":"full cmd:  docker ps -a"}
{"level":"info","message":"Running command in windows"}
{"level":"info","message":"command:  C:\\Windows\\System32\\WindowsPowerShell\\v1.0\\powershell.exe docker ps -a"}
{"level":"info","message":"out in util: CONTAINER ID   IMAGE                                                                       COMMAND                  CREATED       STATUS                   PORTS     NAMES\n7ac39647d366   dev-registry.gather.network/cpaas-runtime-environment-service/node:14-dev   \"docker-entrypoint.s…\"   4 hours ago   Up 4 hours                         confident_turing\ne8dd1e48fa9a   postgres:15-alpine                                                          \"docker-entrypoint.s…\"   4 hours ago   Exited (1) 4 hours ago             focused_lamarr\n"}
{"level":"info","message":"out str in cmd handler:CONTAINER ID   IMAGE                                                                       COMMAND                  CREATED       STATUS                   PORTS     NAMES\n7ac39647d366   dev-registry.gather.network/cpaas-runtime-environment-service/node:14-dev   \"docker-entrypoint.s…\"   4 hours ago   Up 4 hours                         confident_turing\ne8dd1e48fa9a   postgres:15-alpine                                                          \"docker-entrypoint.s…\"   4 hours ago   Exited (1) 4 hours ago             focused_lamarr\n"}
{"level":"info","message":"starting shellCommander server..."}
{"level":"info","message":"full cmd:  docker ps -a"}
{"level":"info","message":"Running command in : windows"}
{"level":"info","message":"command:  C:\\Program Files\\Docker\\Docker\\resources\\bin\\docker.exe ps -a"}
{"level":"info","message":"out in util: CONTAINER ID   IMAGE                                                                       COMMAND                  CREATED       STATUS                   PORTS     NAMES\n7ac39647d366   dev-registry.gather.network/cpaas-runtime-environment-service/node:14-dev   \"docker-entrypoint.s…\"   4 hours ago   Up 4 hours                         confident_turing\ne8dd1e48fa9a   postgres:15-alpine                                                          \"docker-entrypoint.s…\"   4 hours ago   Exited (1) 4 hours ago             focused_lamarr\n"}
{"level":"info","message":"out str in cmd handler:CONTAINER ID   IMAGE                                                                       COMMAND                  CREATED       STATUS                   PORTS     NAMES\n7ac39647d366   dev-registry.gather.network/cpaas-runtime-environment-service/node:14-dev   \"docker-entrypoint.s…\"   4 hours ago   Up 4 hours                         confident_turing\ne8dd1e48fa9a   postgres:15-alpine                                                          \"docker-entrypoint.s…\"   4 hours ago   Exited (1) 4 hours ago             focused_lamarr\n"}
{"level":"info","message":"starting shellCommander server..."}
{"level":"info","message":"full cmd:  docker ps"}
{"level":"info","message":"Running command in : windows"}
{"level":"info","message":"command:  C:\\Program Files\\Docker\\Docker\\resources\\bin\\docker.exe ps"}
{"level":"info","message":"out in util: CONTAINER ID   IMAGE                                                                       COMMAND                  CREATED       STATUS       PORTS     NAMES\n7ac39647d366   dev-registry.gather.network/cpaas-runtime-environment-service/node:14-dev   \"docker-entrypoint.s…\"   4 hours ago   Up 4 hours             confident_turing\n"}
{"level":"info","message":"out str in cmd handler:CONTAINER ID   IMAGE                                                                       COMMAND                  CREATED       STATUS       PORTS     NAMES\n7ac39647d366   dev-registry.gather.network/cpaas-runtime-environment-service/node:14-dev   \"docker-entrypoint.s…\"   4 hours ago   Up 4 hours             confident_turing\n"}
{"level":"info","message":"full cmd:  ls -altr"}
{"level":"info","message":"Running command in : windows"}
{"level":"info","message":"command:  C:\\Program Files\\Git\\usr\\bin\\ls.exe -altr"}
{"level":"info","message":"out in util: total 38\ndrwxr-xr-x 1 nehal 197610     0 Jul  1 01:09 ..\n-rw-r--r-- 1 nehal 197610    83 Jul  1 01:09 README.md\n-rw-r--r-- 1 nehal 197610   499 Jul  1 01:09 .gitignore\ndrwxr-xr-x 1 nehal 197610     0 Jul  1 01:10 api\n-rw-r--r-- 1 nehal 197610  7605 Jul  1 01:10 go.sum\n-rw-r--r-- 1 nehal 197610  1483 Jul  1 01:10 go.mod\ndrwxr-xr-x 1 nehal 197610     0 Jul  1 01:10 util\ndrwxr-xr-x 1 nehal 197610     0 Jul  1 01:19 .git\ndrwxr-xr-x 1 nehal 197610     0 Jul  1 01:28 logger\ndrwxr-xr-x 1 nehal 197610     0 Jul  1 01:47 config\n-rw-r--r-- 1 nehal 197610   753 Jul  1 01:50 main.go\ndrwxr-xr-x 1 nehal 197610     0 Jul  1 01:56 .\n-rw-r--r-- 1 nehal 197610 11331 Jul  1 02:03 logs.log\n"}
{"level":"info","message":"out str in cmd handler:total 38\ndrwxr-xr-x 1 nehal 197610     0 Jul  1 01:09 ..\n-rw-r--r-- 1 nehal 197610    83 Jul  1 01:09 README.md\n-rw-r--r-- 1 nehal 197610   499 Jul  1 01:09 .gitignore\ndrwxr-xr-x 1 nehal 197610     0 Jul  1 01:10 api\n-rw-r--r-- 1 nehal 197610  7605 Jul  1 01:10 go.sum\n-rw-r--r-- 1 nehal 197610  1483 Jul  1 01:10 go.mod\ndrwxr-xr-x 1 nehal 197610     0 Jul  1 01:10 util\ndrwxr-xr-x 1 nehal 197610     0 Jul  1 01:19 .git\ndrwxr-xr-x 1 nehal 197610     0 Jul  1 01:28 logger\ndrwxr-xr-x 1 nehal 197610     0 Jul  1 01:47 config\n-rw-r--r-- 1 nehal 197610   753 Jul  1 01:50 main.go\ndrwxr-xr-x 1 nehal 197610     0 Jul  1 01:56 .\n-rw-r--r-- 1 nehal 197610 11331 Jul  1 02:03 logs.log\n"}
{"level":"info","message":"starting shellCommander server..."}
{"level":"info","message":"Running command in : windows"}
{"level":"info","message":"command:  C:\\Program Files\\Git\\usr\\bin\\ls.exe -altr"}
{"level":"info","message":"out in util: total 42\ndrwxr-xr-x 1 nehal 197610     0 Jul  1 01:09 ..\n-rw-r--r-- 1 nehal 197610    83 Jul  1 01:09 README.md\n-rw-r--r-- 1 nehal 197610   499 Jul  1 01:09 .gitignore\ndrwxr-xr-x 1 nehal 197610     0 Jul  1 01:10 api\n-rw-r--r-- 1 nehal 197610  7605 Jul  1 01:10 go.sum\n-rw-r--r-- 1 nehal 197610  1483 Jul  1 01:10 go.mod\ndrwxr-xr-x 1 nehal 197610     0 Jul  1 01:10 util\ndrwxr-xr-x 1 nehal 197610     0 Jul  1 01:19 .git\ndrwxr-xr-x 1 nehal 197610     0 Jul  1 01:28 logger\ndrwxr-xr-x 1 nehal 197610     0 Jul  1 01:47 config\n-rw-r--r-- 1 nehal 197610   753 Jul  1 01:50 main.go\ndrwxr-xr-x 1 nehal 197610     0 Jul  1 01:56 .\n-rw-r--r-- 1 nehal 197610 13020 Jul  1 02:04 logs.log\n"}
{"level":"info","message":"out str in cmd handler:total 42\ndrwxr-xr-x 1 nehal 197610     0 Jul  1 01:09 ..\n-rw-r--r-- 1 nehal 197610    83 Jul  1 01:09 README.md\n-rw-r--r-- 1 nehal 197610   499 Jul  1 01:09 .gitignore\ndrwxr-xr-x 1 nehal 197610     0 Jul  1 01:10 api\n-rw-r--r-- 1 nehal 197610  7605 Jul  1 01:10 go.sum\n-rw-r--r-- 1 nehal 197610  1483 Jul  1 01:10 go.mod\ndrwxr-xr-x 1 nehal 197610     0 Jul  1 01:10 util\ndrwxr-xr-x 1 nehal 197610     0 Jul  1 01:19 .git\ndrwxr-xr-x 1 nehal 197610     0 Jul  1 01:28 logger\ndrwxr-xr-x 1 nehal 197610     0 Jul  1 01:47 config\n-rw-r--r-- 1 nehal 197610   753 Jul  1 01:50 main.go\ndrwxr-xr-x 1 nehal 197610     0 Jul  1 01:56 .\n-rw-r--r-- 1 nehal 197610 13020 Jul  1 02:04 logs.log\n"}
{"level":"info","message":"Running command in : windows"}
{"level":"info","message":"command:  sls -altr"}
{"level":"info","message":"starting shellCommander server..."}
{"level":"info","message":"Running command in : windows"}
{"level":"info","message":"command:  sls -altr"}
{"level":"info","message":"error out in util: exec: \"sls\": executable file not found in %PATH%"}
{"level":"info","message":"starting shellCommander server..."}
{"level":"info","message":"Running command on platform: windows"}
{"level":"info","message":"command:  sls -altr"}
{"level":"info","message":"starting shellCommander server..."}
{"level":"info","message":"Running command on platform: windows"}
{"level":"info","message":"command:  sls -altr"}
{"level":"info","message":"Running command on platform: windows"}
{"level":"info","message":"command:  slsdsd -altr"}
{"level":"info","message":"Running command on platform: windows"}
{"level":"info","message":"command:  cdp -altr"}
{"level":"info","message":"Running command on platform: windows"}
{"level":"info","message":"command:  C:\\Program Files\\Docker\\Docker\\resources\\bin\\docker.exe -altr"}
